[debug] [2023-06-10T04:09:10.490Z] ----------------------------------------------------------------------
[debug] [2023-06-10T04:09:10.492Z] Command:       D:\Program Files (x86)\NodeJS\node.exe C:\Users\gasto\AppData\Roaming\npm\node_modules\firebase-tools\lib\bin\firebase.js login
[debug] [2023-06-10T04:09:10.493Z] CLI Version:   12.3.1
[debug] [2023-06-10T04:09:10.493Z] Platform:      win32
[debug] [2023-06-10T04:09:10.494Z] Node Version:  v16.16.0
[debug] [2023-06-10T04:09:10.495Z] Time:          Sat Jun 10 2023 01:09:10 GMT-0300 (hora estándar de Argentina)
[debug] [2023-06-10T04:09:10.495Z] ----------------------------------------------------------------------
[debug] 
[info] i  Firebase optionally collects CLI and Emulator Suite usage and error reporting information to help improve our products. Data is collected in accordance with Google's privacy policy (https://policies.google.com/privacy) and is not used to identify you.
 
[info] 
[info] Visit this URL on this device to log in:
[info] https://accounts.google.com/o/oauth2/auth?client_id=563584335869-fgrhgmd47bqnekij5i8b5pr03ho849e6.apps.googleusercontent.com&scope=email%20openid%20https%3A%2F%2Fwww.googleapis.com%2Fauth%2Fcloudplatformprojects.readonly%20https%3A%2F%2Fwww.googleapis.com%2Fauth%2Ffirebase%20https%3A%2F%2Fwww.googleapis.com%2Fauth%2Fcloud-platform&response_type=code&state=324393452&redirect_uri=http%3A%2F%2Flocalhost%3A9005
[info] 
[info] Waiting for authentication...
[debug] [2023-06-10T04:09:18.815Z] Error: spawn cmd ENOENT
    at Process.ChildProcess._handle.onexit (node:internal/child_process:283:19)
    at onErrorNT (node:internal/child_process:478:16)
    at processTicksAndRejections (node:internal/process/task_queues:83:21)
[error] 
[error] Error: An unexpected error has occurred.
[debug] [2023-06-10T04:10:02.302Z] ----------------------------------------------------------------------
[debug] [2023-06-10T04:10:02.304Z] Command:       D:\Program Files (x86)\NodeJS\node.exe C:\Users\gasto\AppData\Roaming\npm\node_modules\firebase-tools\lib\bin\firebase.js login
[debug] [2023-06-10T04:10:02.304Z] CLI Version:   12.3.1
[debug] [2023-06-10T04:10:02.305Z] Platform:      win32
[debug] [2023-06-10T04:10:02.305Z] Node Version:  v16.16.0
[debug] [2023-06-10T04:10:02.306Z] Time:          Sat Jun 10 2023 01:10:02 GMT-0300 (hora estándar de Argentina)
[debug] [2023-06-10T04:10:02.306Z] ----------------------------------------------------------------------
[debug] 
[info] i  Firebase optionally collects CLI and Emulator Suite usage and error reporting information to help improve our products. Data is collected in accordance with Google's privacy policy (https://policies.google.com/privacy) and is not used to identify you.
 
[info] 
[info] Visit this URL on this device to log in:
[info] https://accounts.google.com/o/oauth2/auth?client_id=563584335869-fgrhgmd47bqnekij5i8b5pr03ho849e6.apps.googleusercontent.com&scope=email%20openid%20https%3A%2F%2Fwww.googleapis.com%2Fauth%2Fcloudplatformprojects.readonly%20https%3A%2F%2Fwww.googleapis.com%2Fauth%2Ffirebase%20https%3A%2F%2Fwww.googleapis.com%2Fauth%2Fcloud-platform&response_type=code&state=37760685&redirect_uri=http%3A%2F%2Flocalhost%3A9005
[info] 
[info] Waiting for authentication...
[debug] [2023-06-10T04:10:07.278Z] Error: spawn cmd ENOENT
    at Process.ChildProcess._handle.onexit (node:internal/child_process:283:19)
    at onErrorNT (node:internal/child_process:478:16)
    at processTicksAndRejections (node:internal/process/task_queues:83:21)
[error] 
[error] Error: An unexpected error has occurred.
[debug] [2023-06-10T04:54:09.809Z] ----------------------------------------------------------------------
[debug] [2023-06-10T04:54:09.812Z] Command:       D:\Program Files (x86)\NodeJS\node.exe C:\Users\gasto\AppData\Roaming\npm\node_modules\firebase-tools\lib\bin\firebase.js login
[debug] [2023-06-10T04:54:09.812Z] CLI Version:   12.3.1
[debug] [2023-06-10T04:54:09.813Z] Platform:      win32
[debug] [2023-06-10T04:54:09.813Z] Node Version:  v16.16.0
[debug] [2023-06-10T04:54:09.862Z] Time:          Sat Jun 10 2023 01:54:09 GMT-0300 (hora estándar de Argentina)
[debug] [2023-06-10T04:54:09.862Z] ----------------------------------------------------------------------
[debug] 
[info] i  Firebase optionally collects CLI and Emulator Suite usage and error reporting information to help improve our products. Data is collected in accordance with Google's privacy policy (https://policies.google.com/privacy) and is not used to identify you.
 
[info] i  To change your data collection preference at any time, run `firebase logout` and log in again. 
[info] 
[info] Visit this URL on this device to log in:
[info] https://accounts.google.com/o/oauth2/auth?client_id=563584335869-fgrhgmd47bqnekij5i8b5pr03ho849e6.apps.googleusercontent.com&scope=email%20openid%20https%3A%2F%2Fwww.googleapis.com%2Fauth%2Fcloudplatformprojects.readonly%20https%3A%2F%2Fwww.googleapis.com%2Fauth%2Ffirebase%20https%3A%2F%2Fwww.googleapis.com%2Fauth%2Fcloud-platform&response_type=code&state=298765942&redirect_uri=http%3A%2F%2Flocalhost%3A9005
[info] 
[info] Waiting for authentication...
[debug] [2023-06-10T04:54:17.930Z] Error: spawn cmd ENOENT
    at Process.ChildProcess._handle.onexit (node:internal/child_process:283:19)
    at onErrorNT (node:internal/child_process:478:16)
    at processTicksAndRejections (node:internal/process/task_queues:83:21)
[error] 
[error] Error: An unexpected error has occurred.
